<?xml version="1.0" encoding="UTF-8"?>
<!-- Generated by org.testng.reporters.JUnitReportReporter -->
<testsuite ignored="0" hostname="asd1581po02037" failures="0" tests="5" name="snlJavaApiTest.BoardTest" time="0.061" errors="0" timestamp="23 Apr 2018 10:15:01 GMT" skipped="0">
  <testcase classname="snlJavaApiTest.BoardTest" name="gameInProgressExceptionTest" time="0.008"/>
  <testcase classname="snlJavaApiTest.BoardTest" name="maxPlayersReachedExceptionTest" time="0.003"/>
  <testcase classname="snlJavaApiTest.BoardTest" name="registeredPlayerTestPosition" time="0.006"/>
  <testcase classname="snlJavaApiTest.BoardTest" name="registeredPlayerTestNameNull" time="0.017"/>
  <testcase classname="snlJavaApiTest.BoardTest" name="registeredPlayerTestName" time="0.027"/>
</testsuite> <!-- snlJavaApiTest.BoardTest -->
